android/FatigueBluetoothApp/app/build/intermediates/manifest_merge_blame_file/debug/processDebugMainManifest/manifest-merger-blame-debug-report.txt
1<?xml version="1.0" encoding="utf-8"?>
2<manifest xmlns:android="http://schemas.android.com/apk/res/android"
3    package="com.qiansai.fatiguebluetooth"
4    android:versionCode="1"
5    android:versionName="1.0" >
6
7    <uses-sdk
8        android:minSdkVersion="23"
9        android:targetSdkVersion="35" />
10
11    <uses-permission
11-->src\main\AndroidManifest.xml:3:5-95
12        android:name="android.permission.BLUETOOTH"
12-->src\main\AndroidManifest.xml:3:22-65
13        android:maxSdkVersion="30" />
13-->src\main\AndroidManifest.xml:3:66-92
14    <uses-permission
14-->src\main\AndroidManifest.xml:4:5-101
15        android:name="android.permission.BLUETOOTH_ADMIN"
15-->src\main\AndroidManifest.xml:4:22-71
16        android:maxSdkVersion="30" />
16-->src\main\AndroidManifest.xml:4:72-98
17    <uses-permission android:name="android.permission.BLUETOOTH_CONNECT" />
17-->src\main\AndroidManifest.xml:5:5-76
17-->src\main\AndroidManifest.xml:5:22-73
18    <uses-permission android:name="android.permission.BLUETOOTH_SCAN" />
18-->src\main\AndroidManifest.xml:6:5-73
18-->src\main\AndroidManifest.xml:6:22-70
19    <uses-permission
19-->src\main\AndroidManifest.xml:7:5-106
20        android:name="android.permission.ACCESS_FINE_LOCATION"
20-->src\main\AndroidManifest.xml:7:22-76
21        android:maxSdkVersion="30" />
21-->src\main\AndroidManifest.xml:7:77-103
22
23    <uses-feature
23-->src\main\AndroidManifest.xml:9:5-11:35
24        android:name="android.hardware.bluetooth"
24-->src\main\AndroidManifest.xml:10:9-50
25        android:required="true" />
25-->src\main\AndroidManifest.xml:11:9-32
26
27    <application
27-->src\main\AndroidManifest.xml:13:5-26:19
28        android:allowBackup="false"
28-->src\main\AndroidManifest.xml:14:9-36
29        android:debuggable="true"
30        android:extractNativeLibs="false"
31        android:label="@string/app_name"
31-->src\main\AndroidManifest.xml:15:9-41
32        android:supportsRtl="true"
32-->src\main\AndroidManifest.xml:16:9-35
33        android:theme="@style/AppTheme" >
33-->src\main\AndroidManifest.xml:17:9-40
34        <activity
34-->src\main\AndroidManifest.xml:18:9-25:20
35            android:name="com.qiansai.fatiguebluetooth.MainActivity"
35-->src\main\AndroidManifest.xml:19:13-41
36            android:exported="true" >
36-->src\main\AndroidManifest.xml:20:13-36
37            <intent-filter>
37-->src\main\AndroidManifest.xml:21:13-24:29
38                <action android:name="android.intent.action.MAIN" />
38-->src\main\AndroidManifest.xml:22:17-69
38-->src\main\AndroidManifest.xml:22:25-66
39
40                <category android:name="android.intent.category.LAUNCHER" />
40-->src\main\AndroidManifest.xml:23:17-77
40-->src\main\AndroidManifest.xml:23:27-74
41            </intent-filter>
42        </activity>
43    </application>
44
45</manifest>